<?xml version="1.0" encoding="UTF-8"?>
<testsuite name="BracketCheckerTest" tests="17" skipped="0" failures="0" errors="0" timestamp="2022-07-19T16:44:58" hostname="NT-IT-LT-2171" time="0.005">
  <properties/>
  <testcase name="testPairedWithWhitespace" classname="BracketCheckerTest" time="0.003"/>
  <testcase name="testPairedAndWrongNestedBrackets" classname="BracketCheckerTest" time="0.0"/>
  <testcase name="testWrongOrderedBrackets" classname="BracketCheckerTest" time="0.0"/>
  <testcase name="testUnopenedClosingBracket" classname="BracketCheckerTest" time="0.0"/>
  <testcase name="testComplexLatexExpression" classname="BracketCheckerTest" time="0.0"/>
  <testcase name="testSimpleNestedBrackets" classname="BracketCheckerTest" time="0.0"/>
  <testcase name="testUnpairedAndNestedBrackets" classname="BracketCheckerTest" time="0.0"/>
  <testcase name="testTooManyClosingBrackets" classname="BracketCheckerTest" time="0.0"/>
  <testcase name="testWrongClosingBracket" classname="BracketCheckerTest" time="0.0"/>
  <testcase name="testPairedAndIncompleteBrackets" classname="BracketCheckerTest" time="0.001"/>
  <testcase name="testEmptyString" classname="BracketCheckerTest" time="0.0"/>
  <testcase name="testPartiallyPairedBrackets" classname="BracketCheckerTest" time="0.0"/>
  <testcase name="testMathExpression" classname="BracketCheckerTest" time="0.0"/>
  <testcase name="testPairedSquareBrackets" classname="BracketCheckerTest" time="0.0"/>
  <testcase name="testPairedAndNestedBrackets" classname="BracketCheckerTest" time="0.0"/>
  <testcase name="testUnpairedBrackets" classname="BracketCheckerTest" time="0.0"/>
  <testcase name="testSeveralPairedBrackets" classname="BracketCheckerTest" time="0.001"/>
  <system-out><![CDATA[]]></system-out>
  <system-err><![CDATA[]]></system-err>
</testsuite>
