<?xml version="1.0" encoding="UTF-8"?>
<testsuite name="RotationalCipherTest" tests="11" skipped="0" failures="0" errors="0" timestamp="2022-07-19T16:17:33" hostname="NT-IT-LT-2171" time="0.002">
  <properties/>
  <testcase name="rotateCapitalLetters" classname="RotationalCipherTest" time="0.001"/>
  <testcase name="rotateNumbers" classname="RotationalCipherTest" time="0.0"/>
  <testcase name="rotatePunctuation" classname="RotationalCipherTest" time="0.0"/>
  <testcase name="rotateAllLetter" classname="RotationalCipherTest" time="0.0"/>
  <testcase name="rotateAllLetters" classname="RotationalCipherTest" time="0.0"/>
  <testcase name="rotateSingleCharacterBy0" classname="RotationalCipherTest" time="0.0"/>
  <testcase name="rotateSingleCharacterBy1" classname="RotationalCipherTest" time="0.001"/>
  <testcase name="rotateSingleCharacterBy13" classname="RotationalCipherTest" time="0.0"/>
  <testcase name="rotateSingleCharacterBy26" classname="RotationalCipherTest" time="0.0"/>
  <testcase name="rotateSpaces" classname="RotationalCipherTest" time="0.0"/>
  <testcase name="rotateSingleCharacterWithWrapAround" classname="RotationalCipherTest" time="0.0"/>
  <system-out><![CDATA[]]></system-out>
  <system-err><![CDATA[]]></system-err>
</testsuite>
